{"uid":"4ff060d624c72e0","name":"Sample Test: Failure","fullName":"tests.test_sample#test_failure","historyId":"1d6c17aff211fcf45c4ea6df72e29ae4","time":{"start":1744106881589,"stop":1744106881589,"duration":0},"status":"failed","statusMessage":"AssertionError: assert (1 + 1) == 3","statusTrace":"@allure.title(\"Sample Test: Failure\")\n    def test_failure():\n>       assert 1 + 1 == 3  # This will fail\nE       assert (1 + 1) == 3\n\ntests\\test_sample.py:11: AssertionError","flaky":false,"newFailed":false,"newBroken":false,"newPassed":false,"retriesCount":0,"retriesStatusChange":false,"beforeStages":[],"afterStages":[],"labels":[{"name":"parentSuite","value":"tests"},{"name":"suite","value":"test_sample"},{"name":"host","value":"RiteshS-lpt"},{"name":"thread","value":"22084-MainThread"},{"name":"framework","value":"pytest"},{"name":"language","value":"cpython3"},{"name":"package","value":"tests.test_sample"},{"name":"resultFormat","value":"allure2"}],"parameters":[],"links":[],"hidden":true,"retry":true,"extra":{"categories":[],"tags":[]},"source":"4ff060d624c72e0.json","parameterValues":[]}